
> presencelogger@0.1.0 start C:\Code\Progetti-BK\REACT\presencelogger
> next start "-p" "2222"

   ▲ Next.js 16.0.4
   - Local:         http://localhost:2222
   - Network:       http://192.168.1.16:2222

 ✓ Starting...
[baseline-browser-mapping] The data in this module is over two months old.  To ensure accurate Baseline data, please update: `npm i baseline-browser-mapping@latest -D`
 ✓ Ready in 636ms

> presencelogger@0.1.0 start C:\Code\Progetti-BK\REACT\presencelogger
> next start "-p" "2222"

   ▲ Next.js 16.0.4
   - Local:         http://localhost:2222
   - Network:       http://192.168.1.16:2222

 ✓ Starting...
[baseline-browser-mapping] The data in this module is over two months old.  To ensure accurate Baseline data, please update: `npm i baseline-browser-mapping@latest -D`
Error: Could not find a production build in the '.next' directory. Try building your app with 'next build' before starting the production server. https://nextjs.org/docs/messages/production-start-no-build-id
    at ignore-listed frames
 ELIFECYCLE  Command failed with exit code 1.

> presencelogger@0.1.0 start C:\Code\Progetti-BK\REACT\presencelogger
> next start "-p" "2222"

   ▲ Next.js 16.0.4
   - Local:         http://localhost:2222
   - Network:       http://192.168.1.16:2222

 ✓ Starting...
[baseline-browser-mapping] The data in this module is over two months old.  To ensure accurate Baseline data, please update: `npm i baseline-browser-mapping@latest -D`
Error: Could not find a production build in the '.next' directory. Try building your app with 'next build' before starting the production server. https://nextjs.org/docs/messages/production-start-no-build-id
    at ignore-listed frames
 ELIFECYCLE  Command failed with exit code 1.

> presencelogger@0.1.0 start C:\Code\Progetti-BK\REACT\presencelogger
> next start "-p" "2222"

   ▲ Next.js 16.0.4
   - Local:         http://localhost:2222
   - Network:       http://192.168.1.16:2222

 ✓ Starting...
[baseline-browser-mapping] The data in this module is over two months old.  To ensure accurate Baseline data, please update: `npm i baseline-browser-mapping@latest -D`
Error: Could not find a production build in the '.next' directory. Try building your app with 'next build' before starting the production server. https://nextjs.org/docs/messages/production-start-no-build-id
    at ignore-listed frames
 ELIFECYCLE  Command failed with exit code 1.

> presencelogger@0.1.0 start C:\Code\Progetti-BK\REACT\presencelogger
> next start "-p" "2222"

   ▲ Next.js 16.0.4
   - Local:         http://localhost:2222
   - Network:       http://192.168.1.16:2222

 ✓ Starting...
[baseline-browser-mapping] The data in this module is over two months old.  To ensure accurate Baseline data, please update: `npm i baseline-browser-mapping@latest -D`
Error: Could not find a production build in the '.next' directory. Try building your app with 'next build' before starting the production server. https://nextjs.org/docs/messages/production-start-no-build-id
    at ignore-listed frames
 ELIFECYCLE  Command failed with exit code 1.

> presencelogger@0.1.0 start C:\Code\Progetti-BK\REACT\presencelogger
> next start "-p" "2222"

   ▲ Next.js 16.0.4
   - Local:         http://localhost:2222
   - Network:       http://192.168.1.16:2222

 ✓ Starting...
[baseline-browser-mapping] The data in this module is over two months old.  To ensure accurate Baseline data, please update: `npm i baseline-browser-mapping@latest -D`
Error: Could not find a production build in the '.next' directory. Try building your app with 'next build' before starting the production server. https://nextjs.org/docs/messages/production-start-no-build-id
    at ignore-listed frames
 ELIFECYCLE  Command failed with exit code 1.

> presencelogger@0.1.0 start C:\Code\Progetti-BK\REACT\presencelogger
> next start "-p" "2222"

   ▲ Next.js 16.0.4
   - Local:         http://localhost:2222
   - Network:       http://192.168.1.16:2222

 ✓ Starting...
[baseline-browser-mapping] The data in this module is over two months old.  To ensure accurate Baseline data, please update: `npm i baseline-browser-mapping@latest -D`
Error: Could not find a production build in the '.next' directory. Try building your app with 'next build' before starting the production server. https://nextjs.org/docs/messages/production-start-no-build-id
    at ignore-listed frames
 ELIFECYCLE  Command failed with exit code 1.

> presencelogger@0.1.0 start C:\Code\Progetti-BK\REACT\presencelogger
> next start "-p" "2222"

   ▲ Next.js 16.0.4
   - Local:         http://localhost:2222
   - Network:       http://192.168.1.16:2222

 ✓ Starting...
[baseline-browser-mapping] The data in this module is over two months old.  To ensure accurate Baseline data, please update: `npm i baseline-browser-mapping@latest -D`
Error: Could not find a production build in the '.next' directory. Try building your app with 'next build' before starting the production server. https://nextjs.org/docs/messages/production-start-no-build-id
    at ignore-listed frames
 ELIFECYCLE  Command failed with exit code 1.

> presencelogger@0.1.0 start C:\Code\Progetti-BK\REACT\presencelogger
> next start "-p" "2222"

   ▲ Next.js 16.0.4
   - Local:         http://localhost:2222
   - Network:       http://192.168.1.16:2222

 ✓ Starting...
[baseline-browser-mapping] The data in this module is over two months old.  To ensure accurate Baseline data, please update: `npm i baseline-browser-mapping@latest -D`
Error: Could not find a production build in the '.next' directory. Try building your app with 'next build' before starting the production server. https://nextjs.org/docs/messages/production-start-no-build-id
    at ignore-listed frames
 ELIFECYCLE  Command failed with exit code 1.

> presencelogger@0.1.0 start C:\Code\Progetti-BK\REACT\presencelogger
> next start "-p" "2222"

   ▲ Next.js 16.0.4
   - Local:         http://localhost:2222
   - Network:       http://192.168.1.16:2222

 ✓ Starting...
[baseline-browser-mapping] The data in this module is over two months old.  To ensure accurate Baseline data, please update: `npm i baseline-browser-mapping@latest -D`
Error: Could not find a production build in the '.next' directory. Try building your app with 'next build' before starting the production server. https://nextjs.org/docs/messages/production-start-no-build-id
    at ignore-listed frames
 ELIFECYCLE  Command failed with exit code 1.

> presencelogger@0.1.0 start C:\Code\Progetti-BK\REACT\presencelogger
> next start "-p" "2222"

   ▲ Next.js 16.0.4
   - Local:         http://localhost:2222
   - Network:       http://192.168.1.16:2222

 ✓ Starting...
[baseline-browser-mapping] The data in this module is over two months old.  To ensure accurate Baseline data, please update: `npm i baseline-browser-mapping@latest -D`
Error: Could not find a production build in the '.next' directory. Try building your app with 'next build' before starting the production server. https://nextjs.org/docs/messages/production-start-no-build-id
    at ignore-listed frames
 ELIFECYCLE  Command failed with exit code 1.

> presencelogger@0.1.0 start C:\Code\Progetti-BK\REACT\presencelogger
> next start "-p" "2222"

   ▲ Next.js 16.0.4
   - Local:         http://localhost:2222
   - Network:       http://192.168.1.16:2222

 ✓ Starting...
[baseline-browser-mapping] The data in this module is over two months old.  To ensure accurate Baseline data, please update: `npm i baseline-browser-mapping@latest -D`
Error: Could not find a production build in the '.next' directory. Try building your app with 'next build' before starting the production server. https://nextjs.org/docs/messages/production-start-no-build-id
    at ignore-listed frames
 ELIFECYCLE  Command failed with exit code 1.

> presencelogger@0.1.0 start C:\Code\Progetti-BK\REACT\presencelogger
> next start "-p" "2222"

   ▲ Next.js 16.0.4
   - Local:         http://localhost:2222
   - Network:       http://192.168.1.16:2222

 ✓ Starting...
[baseline-browser-mapping] The data in this module is over two months old.  To ensure accurate Baseline data, please update: `npm i baseline-browser-mapping@latest -D`
Error: Could not find a production build in the '.next' directory. Try building your app with 'next build' before starting the production server. https://nextjs.org/docs/messages/production-start-no-build-id
    at ignore-listed frames
 ELIFECYCLE  Command failed with exit code 1.

> presencelogger@0.1.0 start C:\Code\Progetti-BK\REACT\presencelogger
> next start "-p" "2222"

   ▲ Next.js 16.0.4
   - Local:         http://localhost:2222
   - Network:       http://192.168.1.16:2222

 ✓ Starting...
[baseline-browser-mapping] The data in this module is over two months old.  To ensure accurate Baseline data, please update: `npm i baseline-browser-mapping@latest -D`
Error: Could not find a production build in the '.next' directory. Try building your app with 'next build' before starting the production server. https://nextjs.org/docs/messages/production-start-no-build-id
    at ignore-listed frames
 ELIFECYCLE  Command failed with exit code 1.

> presencelogger@0.1.0 start C:\Code\Progetti-BK\REACT\presencelogger
> next start "-p" "2222"

   ▲ Next.js 16.0.4
   - Local:         http://localhost:2222
   - Network:       http://192.168.1.16:2222

 ✓ Starting...
[baseline-browser-mapping] The data in this module is over two months old.  To ensure accurate Baseline data, please update: `npm i baseline-browser-mapping@latest -D`
Error: Could not find a production build in the '.next' directory. Try building your app with 'next build' before starting the production server. https://nextjs.org/docs/messages/production-start-no-build-id
    at ignore-listed frames
 ELIFECYCLE  Command failed with exit code 1.

> presencelogger@0.1.0 start C:\Code\Progetti-BK\REACT\presencelogger
> next start "-p" "2222"

   ▲ Next.js 16.0.4
   - Local:         http://localhost:2222
   - Network:       http://192.168.1.16:2222

 ✓ Starting...
[baseline-browser-mapping] The data in this module is over two months old.  To ensure accurate Baseline data, please update: `npm i baseline-browser-mapping@latest -D`
 ✓ Ready in 579ms

> presencelogger@0.1.0 start C:\Code\Progetti-BK\REACT\presencelogger
> next start "-p" "2222"

   ▲ Next.js 16.0.4
   - Local:         http://localhost:2222
   - Network:       http://192.168.1.16:2222

 ✓ Starting...
[baseline-browser-mapping] The data in this module is over two months old.  To ensure accurate Baseline data, please update: `npm i baseline-browser-mapping@latest -D`
 ✓ Ready in 519ms

> presencelogger@0.1.0 start C:\Code\Progetti-BK\REACT\presencelogger
> next start "-p" "2222"

   ▲ Next.js 16.0.4
   - Local:         http://localhost:2222
   - Network:       http://192.168.1.16:2222

 ✓ Starting...
[baseline-browser-mapping] The data in this module is over two months old.  To ensure accurate Baseline data, please update: `npm i baseline-browser-mapping@latest -D`
 ✓ Ready in 524ms

> presencelogger@0.1.0 start C:\Code\Progetti-BK\REACT\presencelogger
> next start "-p" "2222"

   ▲ Next.js 16.0.4
   - Local:         http://localhost:2222
   - Network:       http://192.168.1.16:2222

 ✓ Starting...
[baseline-browser-mapping] The data in this module is over two months old.  To ensure accurate Baseline data, please update: `npm i baseline-browser-mapping@latest -D`
 ✓ Ready in 524ms

> presencelogger@0.1.0 start C:\Code\Progetti-BK\REACT\presencelogger
> next start "-p" "2222"

   ▲ Next.js 16.0.4
   - Local:         http://localhost:2222
   - Network:       http://172.18.0.1:2222

 ✓ Starting...
[baseline-browser-mapping] The data in this module is over two months old.  To ensure accurate Baseline data, please update: `npm i baseline-browser-mapping@latest -D`
 ✓ Ready in 1128ms

> presencelogger@0.1.0 start C:\Code\Progetti-BK\REACT\presencelogger
> next start "-p" "2222"

   ▲ Next.js 16.0.4
   - Local:         http://localhost:2222
   - Network:       http://192.168.1.16:2222

 ✓ Starting...
[baseline-browser-mapping] The data in this module is over two months old.  To ensure accurate Baseline data, please update: `npm i baseline-browser-mapping@latest -D`
 ✓ Ready in 1100ms

> presencelogger@0.1.0 start C:\Code\Progetti-BK\REACT\presencelogger
> next start "-p" "2222"

   ▲ Next.js 16.0.4
   - Local:         http://localhost:2222
   - Network:       http://172.20.80.1:2222

 ✓ Starting...
[baseline-browser-mapping] The data in this module is over two months old.  To ensure accurate Baseline data, please update: `npm i baseline-browser-mapping@latest -D`
 ✓ Ready in 1119ms

> presencelogger@0.1.0 start C:\Code\Progetti-BK\REACT\presencelogger
> next start "-p" "2222"

   ▲ Next.js 16.0.4
   - Local:         http://localhost:2222
   - Network:       http://192.168.1.16:2222

 ✓ Starting...
[baseline-browser-mapping] The data in this module is over two months old.  To ensure accurate Baseline data, please update: `npm i baseline-browser-mapping@latest -D`
 ✓ Ready in 1119ms

> presencelogger@0.1.0 start C:\Code\Progetti-BK\REACT\presencelogger
> next start "-p" "2222"

   ▲ Next.js 16.0.4
   - Local:         http://localhost:2222
   - Network:       http://172.24.144.1:2222

 ✓ Starting...
[baseline-browser-mapping] The data in this module is over two months old.  To ensure accurate Baseline data, please update: `npm i baseline-browser-mapping@latest -D`
 ✓ Ready in 1111ms
